<?xml version="1.0" encoding="UTF-8"?>
<!-- Generated by org.testng.reporters.JUnitXMLReporter -->
<testsuite hostname="DESKTOP-6ANIG3D" ignored="0" name="Add Customer Test" tests="3" failures="0" timestamp="29 груд. 2022 17:41:13 GMT" time="32.664" errors="0">
  <testcase name="addCustomerTest" time="19.198" classname="testcases.AddCustomerTest"/>
  <testcase name="addCustomerTest" time="7.474" classname="testcases.AddCustomerTest"/>
  <testcase name="addCustomerTest" time="0.077" classname="testcases.AddCustomerTest">
    <skipped/>
  </testcase> <!-- addCustomerTest -->
</testsuite> <!-- Add Customer Test -->
