<?xml version="1.0" encoding="UTF-8"?>
<testsuite name="TestSuite" time="52.785" tests="6" errors="0" skipped="1" failures="0">
  <properties>
[...]
</properties>
  <testcase name="loginAsBankManager" classname="testcases.BankManagerLoginTest" time="14.584"/>
  <testcase name="openAccountTest" classname="testcases.OpenAccountTest" time="19.003"/>
  <testcase name="openAccountTest" classname="testcases.OpenAccountTest" time="7.582"/>
  <testcase name="addCustomerTest" classname="testcases.AddCustomerTest" time="19.198"/>
  <testcase name="addCustomerTest" classname="testcases.AddCustomerTest" time="7.475"/>
  <testcase name="addCustomerTest" classname="testcases.AddCustomerTest" time="0">
    <skipped/>
  </testcase>
</testsuite>