<?xml version="1.0" encoding="UTF-8"?>
<testng-results skipped="1" failed="0" ignored="0" total="6" passed="5">
  <reporter-output>
  </reporter-output>
  <suite name="Data Driven Framework" duration-ms="32691" started-at="2022-12-29T17:40:40Z" finished-at="2022-12-29T17:41:13Z">
    <groups>
    </groups>
    <test name="Bank Manager Login Test" duration-ms="24608" started-at="2022-12-29T17:40:40Z" finished-at="2022-12-29T17:41:05Z">
      <class name="testcases.BankManagerLoginTest">
        <test-method status="PASS" signature="loginAsBankManager()[pri:0, instance:testcases.BankManagerLoginTest@7364985f]" name="loginAsBankManager" duration-ms="15387" started-at="2022-12-29T17:40:40Z" finished-at="2022-12-29T17:40:56Z">
          <reporter-output>
          </reporter-output>
        </test-method> <!-- loginAsBankManager -->
        <test-method status="PASS" signature="quit()[pri:0, instance:testcases.BankManagerLoginTest@7364985f]" name="quit" is-config="true" duration-ms="9197" started-at="2022-12-29T17:40:56Z" finished-at="2022-12-29T17:41:05Z">
          <reporter-output>
          </reporter-output>
        </test-method> <!-- quit -->
      </class> <!-- testcases.BankManagerLoginTest -->
    </test> <!-- Bank Manager Login Test -->
    <test name="Add Customer Test" duration-ms="32664" started-at="2022-12-29T17:40:40Z" finished-at="2022-12-29T17:41:13Z">
      <class name="testcases.AddCustomerTest">
        <test-method status="PASS" signature="addCustomerTest(java.util.HashMap)[pri:0, instance:testcases.AddCustomerTest@51931956]" name="addCustomerTest" duration-ms="19198" started-at="2022-12-29T17:40:41Z" data-provider="bankManagerDP" finished-at="2022-12-29T17:41:00Z">
          <params>
            <param index="0">
              <value>
                <![CDATA[{postcode=A342, Runmode=Y, firstname=Raman, browser=chrome, lastname=Arora}]]>
              </value>
            </param>
          </params>
          <reporter-output>
          </reporter-output>
        </test-method> <!-- addCustomerTest -->
        <test-method status="PASS" signature="quit()[pri:0, instance:testcases.AddCustomerTest@51931956]" name="quit" is-config="true" duration-ms="4837" started-at="2022-12-29T17:41:00Z" finished-at="2022-12-29T17:41:05Z">
          <reporter-output>
          </reporter-output>
        </test-method> <!-- quit -->
        <test-method status="PASS" signature="addCustomerTest(java.util.HashMap)[pri:0, instance:testcases.AddCustomerTest@51931956]" name="addCustomerTest" duration-ms="7474" started-at="2022-12-29T17:41:05Z" data-provider="bankManagerDP" finished-at="2022-12-29T17:41:12Z">
          <params>
            <param index="0">
              <value>
                <![CDATA[{postcode=D344, Runmode=Y, firstname=Rahul, browser=chrome, lastname=Mathan}]]>
              </value>
            </param>
          </params>
          <reporter-output>
          </reporter-output>
        </test-method> <!-- addCustomerTest -->
        <test-method status="PASS" signature="quit()[pri:0, instance:testcases.AddCustomerTest@51931956]" name="quit" is-config="true" duration-ms="248" started-at="2022-12-29T17:41:12Z" finished-at="2022-12-29T17:41:13Z">
          <reporter-output>
          </reporter-output>
        </test-method> <!-- quit -->
        <test-method status="SKIP" signature="addCustomerTest(java.util.HashMap)[pri:0, instance:testcases.AddCustomerTest@51931956]" name="addCustomerTest" duration-ms="77" started-at="2022-12-29T17:41:13Z" data-provider="bankManagerDP" finished-at="2022-12-29T17:41:13Z">
          <params>
            <param index="0">
              <value>
                <![CDATA[{postcode=90210.0, Runmode=N, firstname=Bill, browser=firefox, lastname=Gates}]]>
              </value>
            </param>
          </params>
          <exception class="org.testng.SkipException">
            <message>
              <![CDATA[Skipping the test: AddCustomerTest as the Runmode of Data set to NO]]>
            </message>
            <full-stacktrace>
              <![CDATA[org.testng.SkipException: Skipping the test: AddCustomerTest as the Runmode of Data set to NO
at util.DataUtil.checkExecution(DataUtil.java:23)
at testcases.AddCustomerTest.addCustomerTest(AddCustomerTest.java:17)
at sun.reflect.NativeMethodAccessorImpl.invoke0(Native Method)
at sun.reflect.NativeMethodAccessorImpl.invoke(NativeMethodAccessorImpl.java:62)
at sun.reflect.DelegatingMethodAccessorImpl.invoke(DelegatingMethodAccessorImpl.java:43)
at java.lang.reflect.Method.invoke(Method.java:498)
at org.testng.internal.MethodInvocationHelper.invokeMethod(MethodInvocationHelper.java:124)
at org.testng.internal.Invoker.invokeMethod(Invoker.java:583)
at org.testng.internal.Invoker.invokeTestMethod(Invoker.java:719)
at org.testng.internal.Invoker.invokeTestMethods(Invoker.java:989)
at org.testng.internal.TestMethodWorker.invokeTestMethods(TestMethodWorker.java:125)
at org.testng.internal.TestMethodWorker.run(TestMethodWorker.java:109)
at org.testng.TestRunner.privateRun(TestRunner.java:648)
at org.testng.TestRunner.run(TestRunner.java:505)
at org.testng.SuiteRunner.runTest(SuiteRunner.java:455)
at org.testng.SuiteRunner.access$000(SuiteRunner.java:40)
at org.testng.SuiteRunner$SuiteWorker.run(SuiteRunner.java:489)
at org.testng.internal.thread.ThreadUtil$1.call(ThreadUtil.java:52)
at java.util.concurrent.FutureTask.run(FutureTask.java:266)
at java.util.concurrent.ThreadPoolExecutor.runWorker(ThreadPoolExecutor.java:1149)
at java.util.concurrent.ThreadPoolExecutor$Worker.run(ThreadPoolExecutor.java:624)
at java.lang.Thread.run(Thread.java:750)
]]>
            </full-stacktrace>
          </exception> <!-- org.testng.SkipException -->
          <reporter-output>
          </reporter-output>
        </test-method> <!-- addCustomerTest -->
        <test-method status="PASS" signature="quit()[pri:0, instance:testcases.AddCustomerTest@51931956]" name="quit" is-config="true" duration-ms="5" started-at="2022-12-29T17:41:13Z" finished-at="2022-12-29T17:41:13Z">
          <reporter-output>
          </reporter-output>
        </test-method> <!-- quit -->
      </class> <!-- testcases.AddCustomerTest -->
    </test> <!-- Add Customer Test -->
    <test name="Open Account Test" duration-ms="32691" started-at="2022-12-29T17:40:40Z" finished-at="2022-12-29T17:41:13Z">
      <class name="testcases.OpenAccountTest">
        <test-method status="PASS" signature="setUp()[pri:0, instance:testcases.OpenAccountTest@6279cee3]" name="setUp" is-config="true" duration-ms="17" started-at="2022-12-29T17:40:40Z" finished-at="2022-12-29T17:40:40Z">
          <reporter-output>
          </reporter-output>
        </test-method> <!-- setUp -->
        <test-method status="PASS" signature="openAccountTest(java.util.HashMap)[pri:0, instance:testcases.OpenAccountTest@6279cee3]" name="openAccountTest" duration-ms="19019" started-at="2022-12-29T17:40:41Z" data-provider="bankManagerDP" finished-at="2022-12-29T17:41:00Z">
          <params>
            <param index="0">
              <value>
                <![CDATA[{Runmode=Y, currency=Dollar, browser=chrome, customer=Hermoine Granger}]]>
              </value>
            </param>
          </params>
          <reporter-output>
          </reporter-output>
        </test-method> <!-- openAccountTest -->
        <test-method status="PASS" signature="quit()[pri:0, instance:testcases.OpenAccountTest@6279cee3]" name="quit" is-config="true" duration-ms="4821" started-at="2022-12-29T17:41:00Z" finished-at="2022-12-29T17:41:05Z">
          <reporter-output>
          </reporter-output>
        </test-method> <!-- quit -->
        <test-method status="PASS" signature="openAccountTest(java.util.HashMap)[pri:0, instance:testcases.OpenAccountTest@6279cee3]" name="openAccountTest" duration-ms="7793" started-at="2022-12-29T17:41:05Z" data-provider="bankManagerDP" finished-at="2022-12-29T17:41:13Z">
          <params>
            <param index="0">
              <value>
                <![CDATA[{Runmode=Y, currency=Rupee, browser=chrome, customer=Harry Potter}]]>
              </value>
            </param>
          </params>
          <reporter-output>
          </reporter-output>
        </test-method> <!-- openAccountTest -->
        <test-method status="PASS" signature="quit()[pri:0, instance:testcases.OpenAccountTest@6279cee3]" name="quit" is-config="true" duration-ms="251" started-at="2022-12-29T17:41:13Z" finished-at="2022-12-29T17:41:13Z">
          <reporter-output>
          </reporter-output>
        </test-method> <!-- quit -->
        <test-method status="PASS" signature="quitPlaywright()[pri:0, instance:testcases.OpenAccountTest@6279cee3]" name="quitPlaywright" is-config="true" duration-ms="0" started-at="2022-12-29T17:41:13Z" finished-at="2022-12-29T17:41:13Z">
          <reporter-output>
          </reporter-output>
        </test-method> <!-- quitPlaywright -->
      </class> <!-- testcases.OpenAccountTest -->
    </test> <!-- Open Account Test -->
  </suite> <!-- Data Driven Framework -->
</testng-results>
